<?xml version="1.0" encoding="UTF-8"?>
<beans xmlns="http://www.springframework.org/schema/beans"
       xmlns:xsi="http://www.w3.org/2001/XMLSchema-instance"
       xmlns:amq="http://activemq.apache.org/schema/core"
       xmlns:jms="http://www.springframework.org/schema/jms"
       xsi:schemaLocation="http://activemq.apache.org/schema/core/activemq-core.xsd
                           http://www.springframework.org/schema/jms/spring-jms-3.0.xsd
                           http://www.springframework.org/schema/beans
                           http://www.springframework.org/schema/beans/spring-beans-3.0.xsd">

  <!--
  <bean id="brokerURL" class="org.springframework.core.io.UrlResource">
    <constructor-arg type="java.lang.String" value="tcp://localhost:61616"/>
  </bean>
  -->

  <!--
  <bean id="broker" class="org.apache.activemq.xbean.BrokerFactoryBean">
    <property name="config" ref="brokerURL" />
    <property name="start" value="true" />
  </bean>
  -->

  <amq:broker useJmx="false" persistent="false">
    <amq:transportConnectors>
      <amq:transportConnector uri="tcp://localhost:0"/>
    </amq:transportConnectors>
  </amq:broker>
  <bean id="storageType" class="org.duracloud.storage.domain.StorageProviderType" factory-method="valueOf">
    <constructor-arg>
      <value>AMAZON_S3</value>
    </constructor-arg>
  </bean>

  <bean id="httpHelper" class="org.duracloud.common.web.RestHttpHelper"/>

  <!-- This is the storage location. -->
  <bean id="contentStore" class="org.duracloud.client.ContentStoreImpl">
    <constructor-arg type="java.lang.String" value="baseURL"/>
    <constructor-arg ref="storageType"/>
    <constructor-arg type="java.lang.String" value="storeID"/>
    <constructor-arg ref="httpHelper"/>
  </bean>

  <!-- this is the Message Driven POJO (MDP) -->
  <bean id="messageListener" class="org.duraspace.dfr.ocs.duracloud.DuraCloudStorageListener">
    <constructor-arg ref="contentStore"/>
  </bean>

  <!--  ActiveMQ destinations to use  -->
  <!-- <amq:queue id="destination"  physicalName="org.apache.activemq.spring.Test.spring.embedded"/>  -->
  <bean id="destination" class="org.apache.activemq.command.ActiveMQTopic">
    <constructor-arg type="java.lang.String" value="org.duracloud.topic.change.content.ingest"/>
  </bean>

  <!-- JMS ConnectionFactory to use, configuring the embedded broker using XML -->
  <!-- <amq:connectionFactory id="connectionFactory" brokerURL="vm://localhost"/> -->
  <bean id="connectionFactory" class="org.apache.activemq.spring.ActiveMQConnectionFactory">
    <property name="brokerURL" value="vm://localhost"/>
  </bean>

  <!-- and this is the message listener container -->
  <bean id="messageContainer" class="org.springframework.jms.listener.DefaultMessageListenerContainer">
    <property name="connectionFactory" ref="connectionFactory"/>
    <property name="destination" ref="destination"/>
    <!-- <property name="messageListener" ref="messageListener" /> -->
  </bean>

  <!-- and this is the storage message listener service -->
  <bean id="storageListenerService" class="org.duraspace.dfr.app.services.StorageListenerService">
    <constructor-arg ref="messageContainer"/>
  </bean>

  <bean id="jmsQueueTemplate" class="org.springframework.jms.core.JmsTemplate">
    <constructor-arg ref="connectionFactory" />
    <property name="pubSubDomain" value="false"/>
  </bean>

  <bean id="jmsTopicTemplate" class="org.springframework.jms.core.JmsTemplate">
    <constructor-arg ref="connectionFactory" />
    <property name="pubSubDomain" value="true"/>
  </bean>

</beans>